<?xml version="1.0" encoding="UTF-8"?>
<testng-results skipped="0" failed="1" ignored="0" total="51" passed="50">
  <reporter-output>
  </reporter-output>
  <suite name="s1" duration-ms="1060655" started-at="2020-12-04T15:14:48 CST" finished-at="2020-12-04T15:32:29 CST">
    <groups>
    </groups>
    <test name="test1" duration-ms="1060655" started-at="2020-12-04T15:14:48 CST" finished-at="2020-12-04T15:32:29 CST">
      <class name="testcase.LoginTest">
        <test-method status="PASS" signature="initBrowser()[pri:0, instance:testcase.LoginTest@1efbd816]" name="initBrowser" is-config="true" duration-ms="3717" started-at="2020-12-04T15:14:57 CST" finished-at="2020-12-04T15:15:01 CST">
          <reporter-output>
          </reporter-output>
        </test-method> <!-- initBrowser -->
        <test-method status="PASS" signature="initPage()[pri:0, instance:testcase.LoginTest@1efbd816]" name="initPage" is-config="true" duration-ms="1" started-at="2020-12-04T15:15:01 CST" finished-at="2020-12-04T15:15:01 CST">
          <reporter-output>
          </reporter-output>
        </test-method> <!-- initPage -->
        <test-method status="PASS" signature="test_login_fail()[pri:0, instance:testcase.LoginTest@1efbd816]" name="test_login_fail" duration-ms="3423" started-at="2020-12-04T15:15:01 CST" finished-at="2020-12-04T15:15:04 CST">
          <reporter-output>
          </reporter-output>
        </test-method> <!-- test_login_fail -->
        <test-method status="PASS" signature="test_login_success()[pri:0, instance:testcase.LoginTest@1efbd816]" name="test_login_success" duration-ms="4859" started-at="2020-12-04T15:15:04 CST" finished-at="2020-12-04T15:15:09 CST">
          <reporter-output>
          </reporter-output>
        </test-method> <!-- test_login_success -->
        <test-method status="PASS" signature="test_clickZhangHao()[pri:1, instance:testcase.LoginTest@1efbd816]" name="test_clickZhangHao" duration-ms="6686" started-at="2020-12-04T15:15:09 CST" finished-at="2020-12-04T15:15:16 CST">
          <reporter-output>
          </reporter-output>
        </test-method> <!-- test_clickZhangHao -->
        <test-method status="PASS" signature="test_editEmaiFullName()[pri:2, instance:testcase.LoginTest@1efbd816]" name="test_editEmaiFullName" duration-ms="3345" started-at="2020-12-04T15:15:16 CST" finished-at="2020-12-04T15:15:19 CST">
          <reporter-output>
          </reporter-output>
        </test-method> <!-- test_editEmaiFullName -->
        <test-method status="PASS" signature="test_editEmail()[pri:2, instance:testcase.LoginTest@1efbd816]" name="test_editEmail" duration-ms="3344" started-at="2020-12-04T15:15:19 CST" finished-at="2020-12-04T15:15:22 CST">
          <reporter-output>
          </reporter-output>
        </test-method> <!-- test_editEmail -->
        <test-method status="PASS" signature="test_editPassword()[pri:2, instance:testcase.LoginTest@1efbd816]" name="test_editPassword" duration-ms="19215" started-at="2020-12-04T15:15:22 CST" finished-at="2020-12-04T15:15:42 CST">
          <reporter-output>
          </reporter-output>
        </test-method> <!-- test_editPassword -->
        <test-method status="PASS" signature="test_editPassword_fail1()[pri:2, instance:testcase.LoginTest@1efbd816]" name="test_editPassword_fail1" duration-ms="19189" started-at="2020-12-04T15:15:42 CST" finished-at="2020-12-04T15:16:01 CST">
          <reporter-output>
          </reporter-output>
        </test-method> <!-- test_editPassword_fail1 -->
        <test-method status="PASS" signature="test_editPassword_fail2()[pri:2, instance:testcase.LoginTest@1efbd816]" name="test_editPassword_fail2" duration-ms="19182" started-at="2020-12-04T15:16:01 CST" finished-at="2020-12-04T15:16:20 CST">
          <reporter-output>
          </reporter-output>
        </test-method> <!-- test_editPassword_fail2 -->
        <test-method status="PASS" signature="test_editPassword_fail3()[pri:2, instance:testcase.LoginTest@1efbd816]" name="test_editPassword_fail3" duration-ms="19126" started-at="2020-12-04T15:16:20 CST" finished-at="2020-12-04T15:16:39 CST">
          <reporter-output>
          </reporter-output>
        </test-method> <!-- test_editPassword_fail3 -->
        <test-method status="PASS" signature="test_editPassword_fail4()[pri:2, instance:testcase.LoginTest@1efbd816]" name="test_editPassword_fail4" duration-ms="19102" started-at="2020-12-04T15:16:39 CST" finished-at="2020-12-04T15:16:58 CST">
          <reporter-output>
          </reporter-output>
        </test-method> <!-- test_editPassword_fail4 -->
        <test-method status="PASS" signature="test_editPassword_fail5()[pri:2, instance:testcase.LoginTest@1efbd816]" name="test_editPassword_fail5" duration-ms="19139" started-at="2020-12-04T15:16:58 CST" finished-at="2020-12-04T15:17:17 CST">
          <reporter-output>
          </reporter-output>
        </test-method> <!-- test_editPassword_fail5 -->
        <test-method status="PASS" signature="test_clickAnswer()[pri:3, instance:testcase.LoginTest@1efbd816]" name="test_clickAnswer" duration-ms="12571" started-at="2020-12-04T15:17:17 CST" finished-at="2020-12-04T15:17:30 CST">
          <reporter-output>
          </reporter-output>
        </test-method> <!-- test_clickAnswer -->
        <test-method status="PASS" signature="test_clickPerson()[pri:3, instance:testcase.LoginTest@1efbd816]" name="test_clickPerson" duration-ms="6522" started-at="2020-12-04T15:17:30 CST" finished-at="2020-12-04T15:17:36 CST">
          <reporter-output>
          </reporter-output>
        </test-method> <!-- test_clickPerson -->
        <test-method status="PASS" signature="test_clickPre()[pri:3, instance:testcase.LoginTest@1efbd816]" name="test_clickPre" duration-ms="13039" started-at="2020-12-04T15:17:36 CST" finished-at="2020-12-04T15:17:49 CST">
          <reporter-output>
          </reporter-output>
        </test-method> <!-- test_clickPre -->
        <test-method status="PASS" signature="test_clickQues()[pri:3, instance:testcase.LoginTest@1efbd816]" name="test_clickQues" duration-ms="12964" started-at="2020-12-04T15:17:49 CST" finished-at="2020-12-04T15:18:02 CST">
          <reporter-output>
          </reporter-output>
        </test-method> <!-- test_clickQues -->
        <test-method status="PASS" signature="test_clickShow()[pri:3, instance:testcase.LoginTest@1efbd816]" name="test_clickShow" duration-ms="12977" started-at="2020-12-04T15:18:02 CST" finished-at="2020-12-04T15:18:15 CST">
          <reporter-output>
          </reporter-output>
        </test-method> <!-- test_clickShow -->
        <test-method status="PASS" signature="test_clickSub()[pri:3, instance:testcase.LoginTest@1efbd816]" name="test_clickSub" duration-ms="12663" started-at="2020-12-04T15:18:15 CST" finished-at="2020-12-04T15:18:28 CST">
          <reporter-output>
          </reporter-output>
        </test-method> <!-- test_clickSub -->
        <test-method status="PASS" signature="test_clickTemp()[pri:3, instance:testcase.LoginTest@1efbd816]" name="test_clickTemp" duration-ms="12986" started-at="2020-12-04T15:18:28 CST" finished-at="2020-12-04T15:18:41 CST">
          <reporter-output>
          </reporter-output>
        </test-method> <!-- test_clickTemp -->
        <test-method status="PASS" signature="test_selectHtml()[pri:3, instance:testcase.LoginTest@1efbd816]" name="test_selectHtml" duration-ms="12957" started-at="2020-12-04T15:18:41 CST" finished-at="2020-12-04T15:18:54 CST">
          <reporter-output>
          </reporter-output>
        </test-method> <!-- test_selectHtml -->
        <test-method status="PASS" signature="test_selectJie()[pri:3, instance:testcase.LoginTest@1efbd816]" name="test_selectJie" duration-ms="9779" started-at="2020-12-04T15:18:54 CST" finished-at="2020-12-04T15:19:04 CST">
          <reporter-output>
          </reporter-output>
        </test-method> <!-- test_selectJie -->
        <test-method status="PASS" signature="test_selectLock()[pri:3, instance:testcase.LoginTest@1efbd816]" name="test_selectLock" duration-ms="12943" started-at="2020-12-04T15:19:04 CST" finished-at="2020-12-04T15:19:17 CST">
          <reporter-output>
          </reporter-output>
        </test-method> <!-- test_selectLock -->
        <test-method status="PASS" signature="test_selectNote()[pri:3, instance:testcase.LoginTest@1efbd816]" name="test_selectNote" duration-ms="12997" started-at="2020-12-04T15:19:17 CST" finished-at="2020-12-04T15:19:30 CST">
          <reporter-output>
          </reporter-output>
        </test-method> <!-- test_selectNote -->
        <test-method status="PASS" signature="test_clickCopy()[pri:5, instance:testcase.LoginTest@1efbd816]" name="test_clickCopy" duration-ms="3800" started-at="2020-12-04T15:19:30 CST" finished-at="2020-12-04T15:19:33 CST">
          <reporter-output>
          </reporter-output>
        </test-method> <!-- test_clickCopy -->
        <test-method status="PASS" signature="test_clickCopyAnswers()[pri:5, instance:testcase.LoginTest@1efbd816]" name="test_clickCopyAnswers" duration-ms="3238" started-at="2020-12-04T15:19:33 CST" finished-at="2020-12-04T15:19:37 CST">
          <reporter-output>
          </reporter-output>
        </test-method> <!-- test_clickCopyAnswers -->
        <test-method status="PASS" signature="test_clickCopyConditions()[pri:5, instance:testcase.LoginTest@1efbd816]" name="test_clickCopyConditions" duration-ms="3229" started-at="2020-12-04T15:19:37 CST" finished-at="2020-12-04T15:19:40 CST">
          <reporter-output>
          </reporter-output>
        </test-method> <!-- test_clickCopyConditions -->
        <test-method status="PASS" signature="test_clickCopyDiao()[pri:5, instance:testcase.LoginTest@1efbd816]" name="test_clickCopyDiao" duration-ms="3228" started-at="2020-12-04T15:19:40 CST" finished-at="2020-12-04T15:19:43 CST">
          <reporter-output>
          </reporter-output>
        </test-method> <!-- test_clickCopyDiao -->
        <test-method status="PASS" signature="test_clickCopyEnddate()[pri:5, instance:testcase.LoginTest@1efbd816]" name="test_clickCopyEnddate" duration-ms="3221" started-at="2020-12-04T15:19:43 CST" finished-at="2020-12-04T15:19:46 CST">
          <reporter-output>
          </reporter-output>
        </test-method> <!-- test_clickCopyEnddate -->
        <test-method status="PASS" signature="test_clickCopyPermiss()[pri:5, instance:testcase.LoginTest@1efbd816]" name="test_clickCopyPermiss" duration-ms="3219" started-at="2020-12-04T15:19:46 CST" finished-at="2020-12-04T15:19:50 CST">
          <reporter-output>
          </reporter-output>
        </test-method> <!-- test_clickCopyPermiss -->
        <test-method status="PASS" signature="test_clickCopyQuotas()[pri:5, instance:testcase.LoginTest@1efbd816]" name="test_clickCopyQuotas" duration-ms="3216" started-at="2020-12-04T15:19:50 CST" finished-at="2020-12-04T15:19:53 CST">
          <reporter-output>
          </reporter-output>
        </test-method> <!-- test_clickCopyQuotas -->
        <test-method status="PASS" signature="test_clickCopyStartid()[pri:5, instance:testcase.LoginTest@1efbd816]" name="test_clickCopyStartid" duration-ms="3218" started-at="2020-12-04T15:19:53 CST" finished-at="2020-12-04T15:19:56 CST">
          <reporter-output>
          </reporter-output>
        </test-method> <!-- test_clickCopyStartid -->
        <test-method status="PASS" signature="test_clickCopySurvey()[pri:5, instance:testcase.LoginTest@1efbd816]" name="test_clickCopySurvey" duration-ms="6672" started-at="2020-12-04T15:19:56 CST" finished-at="2020-12-04T15:20:03 CST">
          <reporter-output>
          </reporter-output>
        </test-method> <!-- test_clickCopySurvey -->
        <test-method status="PASS" signature="test_clickCopySurveyId()[pri:5, instance:testcase.LoginTest@1efbd816]" name="test_clickCopySurveyId" duration-ms="6238" started-at="2020-12-04T15:20:03 CST" finished-at="2020-12-04T15:20:09 CST">
          <reporter-output>
          </reporter-output>
        </test-method> <!-- test_clickCopySurveyId -->
        <test-method status="PASS" signature="test_clickCopySurveyName()[pri:5, instance:testcase.LoginTest@1efbd816]" name="test_clickCopySurveyName" duration-ms="6237" started-at="2020-12-04T15:20:09 CST" finished-at="2020-12-04T15:20:15 CST">
          <reporter-output>
          </reporter-output>
        </test-method> <!-- test_clickCopySurveyName -->
        <test-method status="FAIL" signature="test_TongJi()[pri:6, instance:testcase.LoginTest@1efbd816]" name="test_TongJi" duration-ms="8046" started-at="2020-12-04T15:20:15 CST" finished-at="2020-12-04T15:20:23 CST">
          <exception class="org.openqa.selenium.NoSuchElementException">
            <message>
              <![CDATA[Unable to locate element: #statisticsExportImages
For documentation on this error, please visit: https://www.seleniumhq.org/exceptions/no_such_element.html
Build info: version: '3.141.59', revision: 'e82be7d358', time: '2018-11-14T08:25:53'
System info: host: 'LAPTOP-7CS7VT9V', ip: '169.254.155.164', os.name: 'Windows 10', os.arch: 'amd64', os.version: '10.0', java.version: '1.8.0_231'
Driver info: org.openqa.selenium.firefox.FirefoxDriver
Capabilities {acceptInsecureCerts: true, browserName: firefox, browserVersion: 83.0, javascriptEnabled: true, moz:accessibilityChecks: false, moz:buildID: 20201112153044, moz:geckodriverVersion: 0.24.0, moz:headless: false, moz:processID: 7940, moz:profile: C:\Users\Acer\AppData\Local..., moz:shutdownTimeout: 60000, moz:useNonSpecCompliantPointerOrigin: false, moz:webdriverClick: true, pageLoadStrategy: normal, platform: WINDOWS, platformName: WINDOWS, platformVersion: 10.0, rotatable: false, setWindowRect: true, strictFileInteractability: false, timeouts: {implicit: 0, pageLoad: 300000, script: 30000}, unhandledPromptBehavior: dismiss and notify}
Session ID: eedc2318-881a-4ed0-bff4-b3cae39fc43c
*** Element info: {Using=id, value=statisticsExportImages}]]>
            </message>
            <full-stacktrace>
              <![CDATA[org.openqa.selenium.NoSuchElementException: Unable to locate element: #statisticsExportImages
For documentation on this error, please visit: https://www.seleniumhq.org/exceptions/no_such_element.html
Build info: version: '3.141.59', revision: 'e82be7d358', time: '2018-11-14T08:25:53'
System info: host: 'LAPTOP-7CS7VT9V', ip: '169.254.155.164', os.name: 'Windows 10', os.arch: 'amd64', os.version: '10.0', java.version: '1.8.0_231'
Driver info: org.openqa.selenium.firefox.FirefoxDriver
Capabilities {acceptInsecureCerts: true, browserName: firefox, browserVersion: 83.0, javascriptEnabled: true, moz:accessibilityChecks: false, moz:buildID: 20201112153044, moz:geckodriverVersion: 0.24.0, moz:headless: false, moz:processID: 7940, moz:profile: C:\Users\Acer\AppData\Local..., moz:shutdownTimeout: 60000, moz:useNonSpecCompliantPointerOrigin: false, moz:webdriverClick: true, pageLoadStrategy: normal, platform: WINDOWS, platformName: WINDOWS, platformVersion: 10.0, rotatable: false, setWindowRect: true, strictFileInteractability: false, timeouts: {implicit: 0, pageLoad: 300000, script: 30000}, unhandledPromptBehavior: dismiss and notify}
Session ID: eedc2318-881a-4ed0-bff4-b3cae39fc43c
*** Element info: {Using=id, value=statisticsExportImages}
at sun.reflect.NativeConstructorAccessorImpl.newInstance0(Native Method)
at sun.reflect.NativeConstructorAccessorImpl.newInstance(Unknown Source)
at sun.reflect.DelegatingConstructorAccessorImpl.newInstance(Unknown Source)
at java.lang.reflect.Constructor.newInstance(Unknown Source)
at org.openqa.selenium.remote.http.W3CHttpResponseCodec.createException(W3CHttpResponseCodec.java:187)
at org.openqa.selenium.remote.http.W3CHttpResponseCodec.decode(W3CHttpResponseCodec.java:122)
at org.openqa.selenium.remote.http.W3CHttpResponseCodec.decode(W3CHttpResponseCodec.java:49)
at org.openqa.selenium.remote.HttpCommandExecutor.execute(HttpCommandExecutor.java:158)
at org.openqa.selenium.remote.service.DriverCommandExecutor.execute(DriverCommandExecutor.java:83)
at org.openqa.selenium.remote.RemoteWebDriver.execute(RemoteWebDriver.java:552)
at org.openqa.selenium.remote.RemoteWebDriver.findElement(RemoteWebDriver.java:323)
at org.openqa.selenium.remote.RemoteWebDriver.findElementById(RemoteWebDriver.java:372)
at org.openqa.selenium.By$ById.findElement(By.java:188)
at org.openqa.selenium.remote.RemoteWebDriver.findElement(RemoteWebDriver.java:315)
at pages.LoginPage.clickDaoChu(Unknown Source)
at pages.LoginPage.clickTongJi(Unknown Source)
at testcase.LoginTest.test_TongJi(Unknown Source)
at sun.reflect.NativeMethodAccessorImpl.invoke0(Native Method)
at sun.reflect.NativeMethodAccessorImpl.invoke(Unknown Source)
at sun.reflect.DelegatingMethodAccessorImpl.invoke(Unknown Source)
at java.lang.reflect.Method.invoke(Unknown Source)
at org.testng.internal.MethodInvocationHelper.invokeMethod(MethodInvocationHelper.java:134)
at org.testng.internal.TestInvoker.invokeMethod(TestInvoker.java:597)
at org.testng.internal.TestInvoker.invokeTestMethod(TestInvoker.java:173)
at org.testng.internal.MethodRunner.runInSequence(MethodRunner.java:46)
at org.testng.internal.TestInvoker$MethodInvocationAgent.invoke(TestInvoker.java:816)
at org.testng.internal.TestInvoker.invokeTestMethods(TestInvoker.java:146)
at org.testng.internal.TestMethodWorker.invokeTestMethods(TestMethodWorker.java:146)
at org.testng.internal.TestMethodWorker.run(TestMethodWorker.java:128)
at java.util.ArrayList.forEach(Unknown Source)
at org.testng.TestRunner.privateRun(TestRunner.java:766)
at org.testng.TestRunner.run(TestRunner.java:587)
at org.testng.SuiteRunner.runTest(SuiteRunner.java:384)
at org.testng.SuiteRunner.runSequentially(SuiteRunner.java:378)
at org.testng.SuiteRunner.privateRun(SuiteRunner.java:337)
at org.testng.SuiteRunner.run(SuiteRunner.java:286)
at org.testng.SuiteRunnerWorker.runSuite(SuiteRunnerWorker.java:53)
at org.testng.SuiteRunnerWorker.run(SuiteRunnerWorker.java:96)
at org.testng.TestNG.runSuitesSequentially(TestNG.java:1187)
at org.testng.TestNG.runSuitesLocally(TestNG.java:1109)
at org.testng.TestNG.runSuites(TestNG.java:1039)
at org.testng.TestNG.run(TestNG.java:1007)
at org.testng.TestNG.privateMain(TestNG.java:1336)
at org.testng.TestNG.main(TestNG.java:1304)
]]>
            </full-stacktrace>
          </exception> <!-- org.openqa.selenium.NoSuchElementException -->
          <reporter-output>
          </reporter-output>
        </test-method> <!-- test_TongJi -->
        <test-method status="PASS" signature="test_clickBut1()[pri:6, instance:testcase.LoginTest@1efbd816]" name="test_clickBut1" duration-ms="52385" started-at="2020-12-04T15:20:23 CST" finished-at="2020-12-04T15:21:16 CST">
          <reporter-output>
          </reporter-output>
        </test-method> <!-- test_clickBut1 -->
        <test-method status="PASS" signature="test_clickBut2()[pri:6, instance:testcase.LoginTest@1efbd816]" name="test_clickBut2" duration-ms="73382" started-at="2020-12-04T15:21:16 CST" finished-at="2020-12-04T15:22:29 CST">
          <reporter-output>
          </reporter-output>
        </test-method> <!-- test_clickBut2 -->
        <test-method status="PASS" signature="test_clickBut3()[pri:6, instance:testcase.LoginTest@1efbd816]" name="test_clickBut3" duration-ms="52371" started-at="2020-12-04T15:22:29 CST" finished-at="2020-12-04T15:23:21 CST">
          <reporter-output>
          </reporter-output>
        </test-method> <!-- test_clickBut3 -->
        <test-method status="PASS" signature="test_clickBut4()[pri:6, instance:testcase.LoginTest@1efbd816]" name="test_clickBut4" duration-ms="52414" started-at="2020-12-04T15:23:21 CST" finished-at="2020-12-04T15:24:14 CST">
          <reporter-output>
          </reporter-output>
        </test-method> <!-- test_clickBut4 -->
        <test-method status="PASS" signature="test_clickChartType()[pri:6, instance:testcase.LoginTest@1efbd816]" name="test_clickChartType" duration-ms="6697" started-at="2020-12-04T15:24:14 CST" finished-at="2020-12-04T15:24:20 CST">
          <reporter-output>
          </reporter-output>
        </test-method> <!-- test_clickChartType -->
        <test-method status="PASS" signature="test_clickFormat1()[pri:6, instance:testcase.LoginTest@1efbd816]" name="test_clickFormat1" duration-ms="3" started-at="2020-12-04T15:24:20 CST" finished-at="2020-12-04T15:24:20 CST">
          <reporter-output>
          </reporter-output>
        </test-method> <!-- test_clickFormat1 -->
        <test-method status="PASS" signature="test_clickFormat2()[pri:6, instance:testcase.LoginTest@1efbd816]" name="test_clickFormat2" duration-ms="4" started-at="2020-12-04T15:24:20 CST" finished-at="2020-12-04T15:24:20 CST">
          <reporter-output>
          </reporter-output>
        </test-method> <!-- test_clickFormat2 -->
        <test-method status="PASS" signature="test_clickFormat3()[pri:6, instance:testcase.LoginTest@1efbd816]" name="test_clickFormat3" duration-ms="55866" started-at="2020-12-04T15:24:20 CST" finished-at="2020-12-04T15:25:16 CST">
          <reporter-output>
          </reporter-output>
        </test-method> <!-- test_clickFormat3 -->
        <test-method status="PASS" signature="test_clickFormat4()[pri:6, instance:testcase.LoginTest@1efbd816]" name="test_clickFormat4" duration-ms="52611" started-at="2020-12-04T15:25:16 CST" finished-at="2020-12-04T15:26:09 CST">
          <reporter-output>
          </reporter-output>
        </test-method> <!-- test_clickFormat4 -->
        <test-method status="PASS" signature="test_clickOnlyFin()[pri:6, instance:testcase.LoginTest@1efbd816]" name="test_clickOnlyFin" duration-ms="55426" started-at="2020-12-04T15:26:09 CST" finished-at="2020-12-04T15:27:04 CST">
          <reporter-output>
          </reporter-output>
        </test-method> <!-- test_clickOnlyFin -->
        <test-method status="PASS" signature="test_clickOnlyNoFin()[pri:6, instance:testcase.LoginTest@1efbd816]" name="test_clickOnlyNoFin" duration-ms="52373" started-at="2020-12-04T15:27:04 CST" finished-at="2020-12-04T15:27:57 CST">
          <reporter-output>
          </reporter-output>
        </test-method> <!-- test_clickOnlyNoFin -->
        <test-method status="PASS" signature="test_clickRoww1()[pri:6, instance:testcase.LoginTest@1efbd816]" name="test_clickRoww1" duration-ms="52385" started-at="2020-12-04T15:27:57 CST" finished-at="2020-12-04T15:28:49 CST">
          <reporter-output>
          </reporter-output>
        </test-method> <!-- test_clickRoww1 -->
        <test-method status="PASS" signature="test_clickRoww2()[pri:6, instance:testcase.LoginTest@1efbd816]" name="test_clickRoww2" duration-ms="52389" started-at="2020-12-04T15:28:49 CST" finished-at="2020-12-04T15:29:42 CST">
          <reporter-output>
          </reporter-output>
        </test-method> <!-- test_clickRoww2 -->
        <test-method status="PASS" signature="test_clickRoww3()[pri:6, instance:testcase.LoginTest@1efbd816]" name="test_clickRoww3" duration-ms="52406" started-at="2020-12-04T15:29:42 CST" finished-at="2020-12-04T15:30:34 CST">
          <reporter-output>
          </reporter-output>
        </test-method> <!-- test_clickRoww3 -->
        <test-method status="PASS" signature="test_clickRoww4()[pri:6, instance:testcase.LoginTest@1efbd816]" name="test_clickRoww4" duration-ms="52345" started-at="2020-12-04T15:30:34 CST" finished-at="2020-12-04T15:31:26 CST">
          <reporter-output>
          </reporter-output>
        </test-method> <!-- test_clickRoww4 -->
        <test-method status="PASS" signature="test_clickRoww5()[pri:6, instance:testcase.LoginTest@1efbd816]" name="test_clickRoww5" duration-ms="52371" started-at="2020-12-04T15:31:26 CST" finished-at="2020-12-04T15:32:19 CST">
          <reporter-output>
          </reporter-output>
        </test-method> <!-- test_clickRoww5 -->
        <test-method status="PASS" signature="test_clickOut()[pri:0, instance:testcase.LoginTest@1efbd816]" name="test_clickOut" is-config="true" duration-ms="6603" started-at="2020-12-04T15:32:19 CST" finished-at="2020-12-04T15:32:25 CST">
          <reporter-output>
          </reporter-output>
        </test-method> <!-- test_clickOut -->
        <test-method status="PASS" signature="close()[pri:0, instance:testcase.LoginTest@1efbd816]" name="close" is-config="true" duration-ms="3600" started-at="2020-12-04T15:32:25 CST" finished-at="2020-12-04T15:32:29 CST">
          <reporter-output>
          </reporter-output>
        </test-method> <!-- close -->
      </class> <!-- testcase.LoginTest -->
      <class name="com.webtest.demo.demo">
        <test-method status="PASS" signature="initBrowser()[pri:0, instance:com.webtest.demo.demo@66d2e7d9]" name="initBrowser" is-config="true" duration-ms="5026" started-at="2020-12-04T15:14:48 CST" finished-at="2020-12-04T15:14:53 CST">
          <reporter-output>
          </reporter-output>
        </test-method> <!-- initBrowser -->
        <test-method status="PASS" signature="demo()[pri:0, instance:com.webtest.demo.demo@66d2e7d9]" name="demo" duration-ms="1" started-at="2020-12-04T15:14:53 CST" finished-at="2020-12-04T15:14:53 CST">
          <reporter-output>
          </reporter-output>
        </test-method> <!-- demo -->
        <test-method status="PASS" signature="close()[pri:0, instance:com.webtest.demo.demo@66d2e7d9]" name="close" is-config="true" duration-ms="3651" started-at="2020-12-04T15:14:53 CST" finished-at="2020-12-04T15:14:57 CST">
          <reporter-output>
          </reporter-output>
        </test-method> <!-- close -->
      </class> <!-- com.webtest.demo.demo -->
    </test> <!-- test1 -->
  </suite> <!-- s1 -->
</testng-results>
