<?xml version="1.0" encoding="UTF-8"?>
<!-- Generated by org.testng.reporters.JUnitXMLReporter -->
<testsuite hostname="iZ7qf0r5gttbq7Z" ignored="0" name="Test1" tests="70" failures="0" timestamp="2020-12-07T11:04:41 CST" time="26.657" errors="0">
  <testcase name="@BeforeClass doBeforeClass" time="22.338" classname="com.test.base.BaseTest">
    <failure type="org.openqa.selenium.WebDriverException" message="Socket timeout reading Marionette handshake data: 远程主机强迫关闭了一个现有的连接。 (os error 10054)
Build info: version: &amp;apos;3.141.59&amp;apos;, revision: &amp;apos;e82be7d358&amp;apos;, time: &amp;apos;2018-11-14T08:25:53&amp;apos;
System info: host: &amp;apos;iZ7qf0r5gttbq7Z&amp;apos;, ip: &amp;apos;172.17.63.68&amp;apos;, os.name: &amp;apos;Windows Server 2016&amp;apos;, os.arch: &amp;apos;amd64&amp;apos;, os.version: &amp;apos;10.0&amp;apos;, java.version: &amp;apos;1.8.0_212&amp;apos;
Driver info: driver.version: FirefoxDriver
remote stacktrace: ">
      <![CDATA[org.openqa.selenium.WebDriverException: Socket timeout reading Marionette handshake data: 远程主机强迫关闭了一个现有的连接。 (os error 10054)
Build info: version: '3.141.59', revision: 'e82be7d358', time: '2018-11-14T08:25:53'
System info: host: 'iZ7qf0r5gttbq7Z', ip: '172.17.63.68', os.name: 'Windows Server 2016', os.arch: 'amd64', os.version: '10.0', java.version: '1.8.0_212'
Driver info: driver.version: FirefoxDriver
remote stacktrace: 
at org.openqa.selenium.remote.W3CHandshakeResponse.lambda$errorHandler$0(W3CHandshakeResponse.java:62)
at org.openqa.selenium.remote.HandshakeResponse.lambda$getResponseFunction$0(HandshakeResponse.java:30)
at org.openqa.selenium.remote.ProtocolHandshake.lambda$createSession$0(ProtocolHandshake.java:126)
at java.util.stream.ReferencePipeline$3$1.accept(ReferencePipeline.java:193)
at java.util.Spliterators$ArraySpliterator.tryAdvance(Spliterators.java:958)
at java.util.stream.ReferencePipeline.forEachWithCancel(ReferencePipeline.java:126)
at java.util.stream.AbstractPipeline.copyIntoWithCancel(AbstractPipeline.java:498)
at java.util.stream.AbstractPipeline.copyInto(AbstractPipeline.java:485)
at java.util.stream.AbstractPipeline.wrapAndCopyInto(AbstractPipeline.java:471)
at java.util.stream.FindOps$FindOp.evaluateSequential(FindOps.java:152)
at java.util.stream.AbstractPipeline.evaluate(AbstractPipeline.java:234)
at java.util.stream.ReferencePipeline.findFirst(ReferencePipeline.java:464)
at org.openqa.selenium.remote.ProtocolHandshake.createSession(ProtocolHandshake.java:128)
at org.openqa.selenium.remote.ProtocolHandshake.createSession(ProtocolHandshake.java:74)
at org.openqa.selenium.remote.HttpCommandExecutor.execute(HttpCommandExecutor.java:136)
at org.openqa.selenium.remote.service.DriverCommandExecutor.execute(DriverCommandExecutor.java:83)
at org.openqa.selenium.remote.RemoteWebDriver.execute(RemoteWebDriver.java:552)
at org.openqa.selenium.remote.RemoteWebDriver.startSession(RemoteWebDriver.java:213)
at org.openqa.selenium.remote.RemoteWebDriver.<init>(RemoteWebDriver.java:131)
at org.openqa.selenium.firefox.FirefoxDriver.<init>(FirefoxDriver.java:147)
at org.openqa.selenium.firefox.FirefoxDriver.<init>(FirefoxDriver.java:125)
at com.test.base.BaseTest.newWebDriver(Unknown Source)
at com.test.base.BaseTest.doBeforeClass(Unknown Source)
at java.util.ArrayList.forEach(ArrayList.java:1257)
... Removed 28 stack frames]]>
    </failure>
  </testcase> <!-- @BeforeClass doBeforeClass -->
  <testcase name="@BeforeClass testLogin" time="-1.607310276321E9" classname="com.test.demo.SmokeTesting">
    <skipped/>
  </testcase> <!-- @BeforeClass testLogin -->
  <testcase name="@AfterClass doAfterMethod" time="-1.607310280608E9" classname="com.test.base.BaseTest">
    <skipped/>
  </testcase> <!-- @AfterClass doAfterMethod -->
  <testcase name="testLogoOff" time="0.0" classname="com.test.demo.SmokeTesting">
    <skipped/>
  </testcase> <!-- testLogoOff -->
  <testcase name="testLogoOn" time="0.0" classname="com.test.demo.SmokeTesting">
    <skipped/>
  </testcase> <!-- testLogoOn -->
  <testcase name="testSurveyListOn" time="0.0" classname="com.test.demo.SmokeTesting">
    <skipped/>
  </testcase> <!-- testSurveyListOn -->
  <testcase name="testSurveyListOff" time="0.0" classname="com.test.demo.SmokeTesting">
    <skipped/>
  </testcase> <!-- testSurveyListOff -->
  <testcase name="testContainerOff" time="0.0" classname="com.test.demo.SmokeTesting">
    <skipped/>
  </testcase> <!-- testContainerOff -->
  <testcase name="testContainerOn" time="0.0" classname="com.test.demo.SmokeTesting">
    <skipped/>
  </testcase> <!-- testContainerOn -->
  <testcase name="testLastSurveyOff" time="0.0" classname="com.test.demo.SmokeTesting">
    <skipped/>
  </testcase> <!-- testLastSurveyOff -->
  <testcase name="testLastSurveyOn" time="0.0" classname="com.test.demo.SmokeTesting">
    <skipped/>
  </testcase> <!-- testLastSurveyOn -->
  <testcase name="testSearchOff" time="0.0" classname="com.test.demo.SmokeTesting">
    <skipped/>
  </testcase> <!-- testSearchOff -->
  <testcase name="testSearchOn" time="0.0" classname="com.test.demo.SmokeTesting">
    <skipped/>
  </testcase> <!-- testSearchOn -->
  <testcase name="testChangeCol" time="0.0" classname="com.test.demo.SmokeTesting">
    <skipped/>
  </testcase> <!-- testChangeCol -->
  <testcase name="testChangeBtnDirection" time="0.0" classname="com.test.demo.SmokeTesting">
    <skipped/>
  </testcase> <!-- testChangeBtnDirection -->
  <testcase name="testCreateBtn" time="0.0" classname="com.test.demo.SmokeTesting">
    <skipped/>
  </testcase> <!-- testCreateBtn -->
  <testcase name="testDeleteBtn" time="0.0" classname="com.test.demo.SmokeTesting">
    <skipped/>
  </testcase> <!-- testDeleteBtn -->
  <testcase name="testEditBtnFromExcel" time="0.0" classname="com.test.demo.SmokeTesting">
    <skipped/>
  </testcase> <!-- testEditBtnFromExcel -->
  <testcase name="testEditBtnFromExcel" time="0.0" classname="com.test.demo.SmokeTesting">
    <skipped/>
  </testcase> <!-- testEditBtnFromExcel -->
  <testcase name="testEditBtnFromExcel" time="0.0" classname="com.test.demo.SmokeTesting">
    <skipped/>
  </testcase> <!-- testEditBtnFromExcel -->
  <testcase name="testEditBtnFromExcel" time="0.0" classname="com.test.demo.SmokeTesting">
    <skipped/>
  </testcase> <!-- testEditBtnFromExcel -->
  <testcase name="testEditBtnFromExcel" time="0.0" classname="com.test.demo.SmokeTesting">
    <skipped/>
  </testcase> <!-- testEditBtnFromExcel -->
  <testcase name="testEditBtnPosition" time="0.0" classname="com.test.demo.SmokeTesting">
    <skipped/>
  </testcase> <!-- testEditBtnPosition -->
  <testcase name="testEditBtnUrl" time="0.0" classname="com.test.demo.SmokeTesting">
    <skipped/>
  </testcase> <!-- testEditBtnUrl -->
  <testcase name="testEditBtnTitle" time="0.0" classname="com.test.demo.SmokeTesting">
    <skipped/>
  </testcase> <!-- testEditBtnTitle -->
  <testcase name="testEditBtnIcon" time="0.0" classname="com.test.demo.SmokeTesting">
    <skipped/>
  </testcase> <!-- testEditBtnIcon -->
  <testcase name="testEditBtnDescription" time="0.0" classname="com.test.demo.SmokeTesting">
    <skipped/>
  </testcase> <!-- testEditBtnDescription -->
  <testcase name="testEditBtnShowTo" time="0.0" classname="com.test.demo.SmokeTesting">
    <skipped/>
  </testcase> <!-- testEditBtnShowTo -->
  <testcase name="testCreateBtnFromExcel" time="0.0" classname="com.test.demo.SmokeTesting">
    <skipped/>
  </testcase> <!-- testCreateBtnFromExcel -->
  <testcase name="testCreateBtnFromExcel" time="0.0" classname="com.test.demo.SmokeTesting">
    <skipped/>
  </testcase> <!-- testCreateBtnFromExcel -->
  <testcase name="testCreateBtnFromExcel" time="0.0" classname="com.test.demo.SmokeTesting">
    <skipped/>
  </testcase> <!-- testCreateBtnFromExcel -->
  <testcase name="testCreateBtnFromExcel" time="0.0" classname="com.test.demo.SmokeTesting">
    <skipped/>
  </testcase> <!-- testCreateBtnFromExcel -->
  <testcase name="testCreateBtnFromExcel" time="0.0" classname="com.test.demo.SmokeTesting">
    <skipped/>
  </testcase> <!-- testCreateBtnFromExcel -->
  <testcase name="testRestoreBtn" time="0.0" classname="com.test.demo.SmokeTesting">
    <skipped/>
  </testcase> <!-- testRestoreBtn -->
  <testcase name="testShowPhpConf" time="0.0" classname="com.test.demo.SmokeTesting">
    <skipped/>
  </testcase> <!-- testShowPhpConf -->
  <testcase name="testChangeSiteName" time="0.0" classname="com.test.demo.SmokeTesting">
    <skipped/>
  </testcase> <!-- testChangeSiteName -->
  <testcase name="testChangeDefaultTheme" time="0.0" classname="com.test.demo.SmokeTesting">
    <skipped/>
  </testcase> <!-- testChangeDefaultTheme -->
  <testcase name="testChangeAdminTheme" time="0.0" classname="com.test.demo.SmokeTesting">
    <skipped/>
  </testcase> <!-- testChangeAdminTheme -->
  <testcase name="testChangeTimeAdjust" time="0.0" classname="com.test.demo.SmokeTesting">
    <skipped/>
  </testcase> <!-- testChangeTimeAdjust -->
  <testcase name="testChangeCharacterset" time="0.0" classname="com.test.demo.SmokeTesting">
    <skipped/>
  </testcase> <!-- testChangeCharacterset -->
  <testcase name="testChangeKeys" time="0.0" classname="com.test.demo.SmokeTesting">
    <skipped/>
  </testcase> <!-- testChangeKeys -->
  <testcase name="testChangeKeysFromRxcel" time="0.0" classname="com.test.demo.SmokeTesting">
    <skipped/>
  </testcase> <!-- testChangeKeysFromRxcel -->
  <testcase name="testChangeKeysFromRxcel" time="0.0" classname="com.test.demo.SmokeTesting">
    <skipped/>
  </testcase> <!-- testChangeKeysFromRxcel -->
  <testcase name="testChangeKeysFromRxcel" time="0.0" classname="com.test.demo.SmokeTesting">
    <skipped/>
  </testcase> <!-- testChangeKeysFromRxcel -->
  <testcase name="testChangeKeysFromRxcel" time="0.0" classname="com.test.demo.SmokeTesting">
    <skipped/>
  </testcase> <!-- testChangeKeysFromRxcel -->
  <testcase name="testChangeKeysFromRxcel" time="0.0" classname="com.test.demo.SmokeTesting">
    <skipped/>
  </testcase> <!-- testChangeKeysFromRxcel -->
  <testcase name="testChangeToSoftMode" time="0.0" classname="com.test.demo.SmokeTesting">
    <skipped/>
  </testcase> <!-- testChangeToSoftMode -->
  <testcase name="testChangeToHardMode" time="0.0" classname="com.test.demo.SmokeTesting">
    <skipped/>
  </testcase> <!-- testChangeToHardMode -->
  <testcase name="testChangeToClosedMode" time="0.0" classname="com.test.demo.SmokeTesting">
    <skipped/>
  </testcase> <!-- testChangeToClosedMode -->
  <testcase name="testRefreshAssets" time="0.0" classname="com.test.demo.SmokeTesting">
    <skipped/>
  </testcase> <!-- testRefreshAssets -->
  <testcase name="testChangeHtmlEditor1" time="0.0" classname="com.test.demo.SmokeTesting">
    <skipped/>
  </testcase> <!-- testChangeHtmlEditor1 -->
  <testcase name="testChangeHtmlEditor2" time="0.0" classname="com.test.demo.SmokeTesting">
    <skipped/>
  </testcase> <!-- testChangeHtmlEditor2 -->
  <testcase name="testChangeDefaultAdminEmail" time="0.0" classname="com.test.demo.SmokeTesting">
    <skipped/>
  </testcase> <!-- testChangeDefaultAdminEmail -->
  <testcase name="testChangeSiteAdminName" time="0.0" classname="com.test.demo.SmokeTesting">
    <skipped/>
  </testcase> <!-- testChangeSiteAdminName -->
  <testcase name="testChangeSMTPFromExcel" time="0.0" classname="com.test.demo.SmokeTesting">
    <skipped/>
  </testcase> <!-- testChangeSMTPFromExcel -->
  <testcase name="testChangeSMTPFromExcel" time="0.0" classname="com.test.demo.SmokeTesting">
    <skipped/>
  </testcase> <!-- testChangeSMTPFromExcel -->
  <testcase name="testChangeSMTPFromExcel" time="0.0" classname="com.test.demo.SmokeTesting">
    <skipped/>
  </testcase> <!-- testChangeSMTPFromExcel -->
  <testcase name="testChangeSMTPFromExcel" time="0.0" classname="com.test.demo.SmokeTesting">
    <skipped/>
  </testcase> <!-- testChangeSMTPFromExcel -->
  <testcase name="testChangeSMTPSSL1" time="0.0" classname="com.test.demo.SmokeTesting">
    <skipped/>
  </testcase> <!-- testChangeSMTPSSL1 -->
  <testcase name="testChangeSMTPSSL2" time="0.0" classname="com.test.demo.SmokeTesting">
    <skipped/>
  </testcase> <!-- testChangeSMTPSSL2 -->
  <testcase name="testChangeSMTPDebug1" time="0.0" classname="com.test.demo.SmokeTesting">
    <skipped/>
  </testcase> <!-- testChangeSMTPDebug1 -->
  <testcase name="testChangeSMTPDebug2" time="0.0" classname="com.test.demo.SmokeTesting">
    <skipped/>
  </testcase> <!-- testChangeSMTPDebug2 -->
  <testcase name="testChangeBounceAccountFromExcel" time="0.0" classname="com.test.demo.SmokeTesting">
    <skipped/>
  </testcase> <!-- testChangeBounceAccountFromExcel -->
  <testcase name="testChangeBounceAccountFromExcel" time="0.0" classname="com.test.demo.SmokeTesting">
    <skipped/>
  </testcase> <!-- testChangeBounceAccountFromExcel -->
  <testcase name="testChangeBounceAccountFromExcel" time="0.0" classname="com.test.demo.SmokeTesting">
    <skipped/>
  </testcase> <!-- testChangeBounceAccountFromExcel -->
  <testcase name="testChangeBounceAccountFromExcel" time="0.0" classname="com.test.demo.SmokeTesting">
    <skipped/>
  </testcase> <!-- testChangeBounceAccountFromExcel -->
  <testcase name="testChangeDefaultLanguage" time="0.0" classname="com.test.demo.SmokeTesting">
    <skipped/>
  </testcase> <!-- testChangeDefaultLanguage -->
  <testcase name="testDeleteLanguage" time="0.0" classname="com.test.demo.SmokeTesting">
    <skipped/>
  </testcase> <!-- testDeleteLanguage -->
  <testcase name="testAddLanguage" time="0.0" classname="com.test.demo.SmokeTesting">
    <skipped/>
  </testcase> <!-- testAddLanguage -->
  <testcase name="testEditPresentationFromExcel" time="0.0" classname="com.test.demo.SmokeTesting">
    <skipped/>
  </testcase> <!-- testEditPresentationFromExcel -->
  <testcase name="testEditPresentationFromExcel" time="0.0" classname="com.test.demo.SmokeTesting">
    <skipped/>
  </testcase> <!-- testEditPresentationFromExcel -->
  <testcase name="testEditPresentationFromExcel" time="0.0" classname="com.test.demo.SmokeTesting">
    <skipped/>
  </testcase> <!-- testEditPresentationFromExcel -->
  <testcase name="testChangeSurveyPreviewRequire" time="0.0" classname="com.test.demo.SmokeTesting">
    <skipped/>
  </testcase> <!-- testChangeSurveyPreviewRequire -->
</testsuite> <!-- Test1 -->
